================================================================
======== txAdmin v8.0.1 atop fxserver 17000 Starting - 8/7/2025, 8:12:22 AM
================================================================
================================================================
======== Log Rotated - 8/7/2025, 8:12:22 AM                     
================================================================
[08:19:23][Pramado] Ensured resource "car_stuff"
================================================================
======== txAdmin v8.0.1 atop fxserver 17000 Starting - 8/7/2025, 10:24:46 AM
================================================================
================================================================
======== txAdmin v8.0.1 atop fxserver 17000 Starting - 8/7/2025, 10:29:09 AM
================================================================
================================================================
======== txAdmin v8.0.1 atop fxserver 17000 Starting - 8/7/2025, 10:48:25 AM
================================================================
================================================================
======== txAdmin v8.0.1 atop fxserver 17000 Starting - 8/7/2025, 11:21:57 AM
================================================================
================================================================
======== txAdmin v8.0.1 atop fxserver 17000 Starting - 8/7/2025, 1:27:11 PM
================================================================
================================================================
======== txAdmin v8.0.1 atop fxserver 17000 Starting - 8/7/2025, 3:14:04 PM
================================================================
================================================================
======== txAdmin v8.0.1 atop fxserver 17000 Starting - 8/7/2025, 3:15:32 PM
================================================================
