================================================================
======== txAdmin v8.0.1 atop fxserver 17000 Starting - 8/5/2025, 1:55:53 PM
================================================================
[13:56:48][Pramado] created admins file
[13:58:11][Pramado] Config changes: general.serverName
[13:58:11][Pramado] Changing global settings via setup stepper and started Deployer.
[13:58:21][Pramado] Setting recipe.
[13:58:55][Pramado] Running recipe.
[14:00:30][Pramado] Config changes: server.dataPath
[14:00:30][Pramado] Completed and committed server deploy.
================================================================
======== txAdmin v8.0.1 atop fxserver 17000 Starting - 8/5/2025, 2:11:09 PM
================================================================
================================================================
======== txAdmin v8.0.1 atop fxserver 17000 Starting - 8/5/2025, 2:11:22 PM
================================================================
================================================================
======== txAdmin v8.0.1 atop fxserver 17000 Starting - 8/5/2025, 3:07:28 PM
================================================================
[15:13:21][Pramado] Sending announcement: Sup test
