================================================================
======== txAdmin v8.0.1 atop fxserver 17000 Starting - 8/7/2025, 8:12:22 AM
================================================================
================================================================
======== Log Rotated - 8/7/2025, 8:12:22 AM                     
================================================================
[8:12:25 AM] txAdmin: Logger started
[8:13:13 AM] [Eqpt3#1] Kerpar: joined with identifiers [license:6ff9…8997, xbl:2533…7481, live:1055…2939, discord:3739…5786, fivem:1870231, license2:5686…75ec]
[8:14:07 AM] [Eqpt3#1] Kerpar: enabled noclip
[8:14:39 AM] [Eqpt3#1] Kerpar: became mortal (standard mode)
[8:16:30 AM] [Eqpt3#1] Kerpar: enabled noclip
[8:16:40 AM] [Eqpt3#1] Kerpar: became mortal (standard mode)
[8:16:53 AM] [Eqpt3#1] Kerpar: spawned a vehicle (model: banshee)
[8:22:44 AM] [Eqpt3#1] Kerpar: repaired their vehicle
[9:16:47 AM] [Eqpt3#1] Kerpar: said "tx"
[9:16:51 AM] [Eqpt3#1] Kerpar: repaired their vehicle
[10:21:10 AM] [Eqpt3#1] Kerpar: disconnected (Exiting)
================================================================
======== txAdmin v8.0.1 atop fxserver 17000 Starting - 8/7/2025, 10:24:46 AM
================================================================
[10:24:56 AM] txAdmin: Logger started
[10:25:28 AM] [gQweC#1] Kerpar: joined with identifiers [license:6ff9…8997, xbl:2533…7481, live:1055…2939, discord:3739…5786, fivem:1870231, license2:5686…75ec]
[10:25:58 AM] [gQweC#1] Kerpar: enabled noclip
[10:26:00 AM] [gQweC#1] Kerpar: became mortal (standard mode)
[10:26:03 AM] [gQweC#1] Kerpar: enabled noclip
[10:26:06 AM] [gQweC#1] Kerpar: became mortal (standard mode)
[10:26:20 AM] [gQweC#1] Kerpar: enabled god mode
[10:26:21 AM] [gQweC#1] Kerpar: became mortal (standard mode)
[10:26:22 AM] [gQweC#1] Kerpar: enabled god mode
[10:26:23 AM] [gQweC#1] Kerpar: became mortal (standard mode)
[10:26:28 AM] [gQweC#1] Kerpar: became mortal (standard mode)
[10:26:34 AM] [gQweC#1] Kerpar: enabled noclip
[10:26:38 AM] [gQweC#1] Kerpar: became mortal (standard mode)
[10:26:41 AM] [gQweC#1] Kerpar: enabled noclip
[10:26:44 AM] [gQweC#1] Kerpar: became mortal (standard mode)
[10:26:45 AM] [gQweC#1] Kerpar: became mortal (standard mode)
[10:26:50 AM] [gQweC#1] Kerpar: became mortal (standard mode)
[10:26:54 AM] [gQweC#1] Kerpar: enabled noclip
[10:27:06 AM] [gQweC#1] Kerpar: became mortal (standard mode)
[10:27:18 AM] [gQweC#1] Kerpar: died from suicide (Falling)
================================================================
======== txAdmin v8.0.1 atop fxserver 17000 Starting - 8/7/2025, 10:29:09 AM
================================================================
[10:29:12 AM] txAdmin: Logger started
[10:31:03 AM] [tmftX#1] Kerpar: joined with identifiers [license:6ff9…8997, xbl:2533…7481, live:1055…2939, discord:3739…5786, fivem:1870231, license2:5686…75ec]
[10:32:06 AM] [tmftX#1] Kerpar: enabled noclip
[10:32:12 AM] [tmftX#1] Kerpar: became mortal (standard mode)
[10:39:08 AM] [tmftX#1] Kerpar: enabled noclip
[10:39:14 AM] [tmftX#1] Kerpar: became mortal (standard mode)
[10:39:23 AM] [tmftX#1] Kerpar: died from suicide (Falling)
[10:39:35 AM] [tmftX#1] Kerpar: said "refresh"
[10:40:53 AM] [tmftX#1] Kerpar: said "restart spawnmanager"
[10:42:13 AM] [tmftX#1] Kerpar: disconnected (Exiting)
[10:43:20 AM] [tmftX#2] Kerpar: joined with identifiers [license:6ff9…8997, xbl:2533…7481, live:1055…2939, discord:3739…5786, fivem:1870231, license2:5686…75ec]
[10:44:04 AM] [tmftX#2] Kerpar: said "/spawn"
[10:46:42 AM] [tmftX#2] Kerpar: enabled noclip
[10:46:47 AM] [tmftX#2] Kerpar: became mortal (standard mode)
[10:46:51 AM] [tmftX#2] Kerpar: enabled noclip
[10:46:58 AM] [tmftX#2] Kerpar: became mortal (standard mode)
[10:46:59 AM] [tmftX#2] Kerpar: enabled noclip
[10:47:04 AM] [tmftX#2] Kerpar: became mortal (standard mode)
[10:47:10 AM] [tmftX#2] Kerpar: died from suicide (Falling)
================================================================
======== txAdmin v8.0.1 atop fxserver 17000 Starting - 8/7/2025, 10:48:25 AM
================================================================
[10:48:28 AM] txAdmin: Logger started
[10:49:20 AM] [7HJcP#1] Kerpar: joined with identifiers [license:6ff9…8997, xbl:2533…7481, live:1055…2939, discord:3739…5786, fivem:1870231, license2:5686…75ec]
[10:52:28 AM] [7HJcP#1] Kerpar: said "tx"
[10:52:37 AM] [7HJcP#1] Kerpar: enabled noclip
[10:52:53 AM] [7HJcP#1] Kerpar: became mortal (standard mode)
[10:52:59 AM] [7HJcP#1] Kerpar: enabled noclip
[10:53:04 AM] [7HJcP#1] Kerpar: became mortal (standard mode)
[10:55:03 AM] [7HJcP#1] Kerpar: said "/noclip"
[10:55:14 AM] [7HJcP#1] Kerpar: enabled noclip
[10:55:20 AM] [7HJcP#1] Kerpar: became mortal (standard mode)
[10:55:25 AM] [7HJcP#1] Kerpar: enabled noclip
[10:55:27 AM] [7HJcP#1] Kerpar: became mortal (standard mode)
[10:55:37 AM] [7HJcP#1] Kerpar: died from suicide (Falling)
[11:00:30 AM] [7HJcP#1] Kerpar: enabled noclip
[11:00:36 AM] [7HJcP#1] Kerpar: became mortal (standard mode)
[11:18:01 AM] [7HJcP#1] Kerpar: said "/reconnect localhost"
[11:18:07 AM] [7HJcP#1] Kerpar: disconnected (Disconnected.)
[11:18:58 AM] [7HJcP#2] Kerpar: joined with identifiers [license:6ff9…8997, xbl:2533…7481, live:1055…2939, discord:3739…5786, fivem:1870231, license2:5686…75ec]
[11:20:58 AM] [7HJcP#2] Kerpar: enabled noclip
[11:21:03 AM] [7HJcP#2] Kerpar: became mortal (standard mode)
[11:21:05 AM] [7HJcP#2] Kerpar: spawned a vehicle (model: tyrant)
================================================================
======== txAdmin v8.0.1 atop fxserver 17000 Starting - 8/7/2025, 11:21:57 AM
================================================================
[11:22:00 AM] txAdmin: Logger started
[11:22:37 AM] [W7PxR#1] Kerpar: joined with identifiers [license:6ff9…8997, xbl:2533…7481, live:1055…2939, discord:3739…5786, fivem:1870231, license2:5686…75ec]
[11:24:24 AM] [W7PxR#1] Kerpar: spawned a vehicle (model: banshee)
[11:29:46 AM] [W7PxR#1] Kerpar: disconnected (Exiting)
[11:30:36 AM] [W7PxR#2] Kerpar: joined with identifiers [license:6ff9…8997, xbl:2533…7481, live:1055…2939, discord:3739…5786, fivem:1870231, license2:5686…75ec]
[1:24:21 PM] [W7PxR#2] Kerpar: disconnected (Disconnected.)
[1:25:05 PM] [W7PxR#3] Kerpar: joined with identifiers [license:6ff9…8997, xbl:2533…7481, live:1055…2939, discord:3739…5786, fivem:1870231, license2:5686…75ec]
[1:25:34 PM] [W7PxR#3] Kerpar: enabled noclip
[1:25:42 PM] [W7PxR#3] Kerpar: became mortal (standard mode)
================================================================
======== txAdmin v8.0.1 atop fxserver 17000 Starting - 8/7/2025, 1:27:11 PM
================================================================
[1:27:16 PM] txAdmin: Logger started
[1:27:45 PM] [yVzHW#1] Kerpar: joined with identifiers [license:6ff9…8997, xbl:2533…7481, live:1055…2939, discord:3739…5786, fivem:1870231, license2:5686…75ec]
[1:29:33 PM] [yVzHW#1] Kerpar: enabled noclip
[1:29:45 PM] [yVzHW#1] Kerpar: became mortal (standard mode)
[1:32:49 PM] [yVzHW#1] Kerpar: disconnected (Disconnected.)
[1:33:36 PM] [yVzHW#2] Kerpar: joined with identifiers [license:6ff9…8997, xbl:2533…7481, live:1055…2939, discord:3739…5786, fivem:1870231, license2:5686…75ec]
[1:34:11 PM] [yVzHW#2] Kerpar: enabled noclip
[1:34:15 PM] [yVzHW#2] Kerpar: became mortal (standard mode)
[3:13:46 PM] [yVzHW#2] Kerpar: disconnected (Exiting)
================================================================
======== txAdmin v8.0.1 atop fxserver 17000 Starting - 8/7/2025, 3:14:04 PM
================================================================
[3:14:07 PM] txAdmin: Logger started
[3:14:37 PM] [zXCYU#1] Kerpar: joined with identifiers [license:6ff9…8997, xbl:2533…7481, live:1055…2939, discord:3739…5786, fivem:1870231, license2:5686…75ec]
================================================================
======== txAdmin v8.0.1 atop fxserver 17000 Starting - 8/7/2025, 3:15:32 PM
================================================================
[3:15:35 PM] txAdmin: Logger started
[3:16:12 PM] [ag3fV#1] Kerpar: joined with identifiers [license:6ff9…8997, xbl:2533…7481, live:1055…2939, discord:3739…5786, fivem:1870231, license2:5686…75ec]
