================================================================
======== txAdmin v8.0.1 atop fxserver 17000 Starting - 8/5/2025, 1:55:53 PM
================================================================
[2:00:33 PM] txAdmin: Logger started
[2:01:59 PM] [WgCYV#1] Kerpar: joined with identifiers [license:6ff9…8997, xbl:2533…7481, live:1055…2939, discord:3739…5786, license2:5686…75ec]
[2:06:32 PM] [WgCYV#1] Kerpar: disconnected (Exiting)
[2:07:23 PM] [WgCYV#2] Kerpar: joined with identifiers [license:6ff9…8997, xbl:2533…7481, live:1055…2939, discord:3739…5786, fivem:1870231, license2:5686…75ec]
[2:08:08 PM] [WgCYV#2] Kerpar: spawned a vehicle (model: caddy)
[2:08:41 PM] [WgCYV#2] Kerpar: spawned a vehicle (model: sanchez)
[2:09:11 PM] [WgCYV#2] Kerpar: disconnected (Exiting)
================================================================
======== txAdmin v8.0.1 atop fxserver 17000 Starting - 8/5/2025, 2:11:09 PM
================================================================
[2:11:12 PM] txAdmin: Logger started
================================================================
======== txAdmin v8.0.1 atop fxserver 17000 Starting - 8/5/2025, 2:11:22 PM
================================================================
[2:11:25 PM] txAdmin: Logger started
================================================================
======== txAdmin v8.0.1 atop fxserver 17000 Starting - 8/5/2025, 3:07:28 PM
================================================================
[3:07:30 PM] txAdmin: Logger started
[3:07:57 PM] [UKJ9d#1] Kerpar: joined with identifiers [license:6ff9…8997, xbl:2533…7481, live:1055…2939, discord:3739…5786, fivem:1870231, license2:5686…75ec]
[3:08:37 PM] [UKJ9d#1] Kerpar: teleported to a waypoint
[3:08:38 PM] [UKJ9d#1] Kerpar: enabled noclip
[3:09:17 PM] [UKJ9d#1] Kerpar: became mortal (standard mode)
[3:09:20 PM] [UKJ9d#1] Kerpar: enabled super jump
[3:09:30 PM] [UKJ9d#1] Kerpar: became mortal (standard mode)
[3:09:47 PM] [UKJ9d#1] Kerpar: spawned a vehicle (model: coquette)
[3:10:06 PM] [UKJ9d#1] Kerpar: spawned a vehicle (model: adder)
[3:12:43 PM] [UKJ9d#1] Kerpar: became mortal (standard mode)
[3:12:45 PM] [UKJ9d#1] Kerpar: became mortal (standard mode)
[3:12:49 PM] [UKJ9d#1] Kerpar: boosted their vehicle
[3:13:15 PM] [UKJ9d#1] Kerpar: healed themself
[3:13:21 PM] [UKJ9d#1] Kerpar: made a server-wide announcement: Sup test
[3:13:21 PM] txAdmin: ((Broadcast) Pramado): said "Sup test"
[3:13:46 PM] [UKJ9d#1] Kerpar: disconnected (Exiting)
[3:37:06 PM] [UKJ9d#2] Kerpar: joined with identifiers [license:6ff9…8997, xbl:2533…7481, live:1055…2939, discord:3739…5786, fivem:1870231, license2:5686…75ec]
[3:39:46 PM] [UKJ9d#2] Kerpar: enabled noclip
[3:46:18 PM] [UKJ9d#2] Kerpar: disconnected (Disconnected.)
