================================================================
======== txAdmin v8.0.1 atop fxserver 17000 Starting - 8/6/2025, 9:25:23 AM
================================================================
================================================================
======== Log Rotated - 8/6/2025, 9:25:26 AM                     
================================================================
[9:25:33 AM] txAdmin: Logger started
[9:28:58 AM] [xELWV#1] Kerpar: joined with identifiers [license:6ff9…8997, xbl:2533…7481, live:1055…2939, discord:3739…5786, fivem:1870231, license2:5686…75ec]
[9:48:55 AM] [xELWV#1] Kerpar: enabled noclip
[9:49:25 AM] [xELWV#1] Kerpar: became mortal (standard mode)
[9:49:37 AM] [xELWV#1] Kerpar: enabled noclip
[9:49:54 AM] [xELWV#1] Kerpar: said "tx"
[9:49:58 AM] [xELWV#1] Kerpar: became mortal (standard mode)
[9:50:16 AM] [xELWV#1] Kerpar: died from suicide (Falling)
[9:50:19 AM] [xELWV#1] Kerpar: healed themself
[9:50:25 AM] [xELWV#1] Kerpar: teleported to coordinates (x=-187.025, y=-743.305, z=219.972)
[9:50:34 AM] [xELWV#1] Kerpar: enabled noclip
[9:50:37 AM] [xELWV#1] Kerpar: became mortal (standard mode)
[9:56:48 AM] [xELWV#1] Kerpar: spawned a vehicle (model: freight)
[9:57:12 AM] [xELWV#1] Kerpar: spawned a vehicle (model: emerus)
[9:57:52 AM] [xELWV#1] Kerpar: spawned a vehicle (model: ignus)
[9:58:32 AM] [xELWV#1] Kerpar: spawned a vehicle (model: tyrant)
[9:58:48 AM] [xELWV#1] Kerpar: repaired their vehicle
[9:58:50 AM] [xELWV#1] Kerpar: boosted their vehicle
[9:59:12 AM] [xELWV#1] Kerpar: boosted their vehicle
[9:59:16 AM] [xELWV#1] Kerpar: spawned a vehicle (model: tyrant)
[9:59:36 AM] [xELWV#1] Kerpar: healed themself
[10:25:42 AM] [xELWV#1] Kerpar: said "/engine"
[11:13:54 AM] [xELWV#1] Kerpar: said "stop car_stuff"
[11:15:27 AM] [xELWV#1] Kerpar: disconnected (Disconnected.)
[11:16:22 AM] [xELWV#2] Kerpar: joined with identifiers [license:6ff9…8997, xbl:2533…7481, live:1055…2939, discord:3739…5786, fivem:1870231, license2:5686…75ec]
[11:22:12 AM] [xELWV#2] Kerpar: disconnected (Disconnected.)
[11:23:00 AM] [xELWV#3] Kerpar: joined with identifiers [license:6ff9…8997, xbl:2533…7481, live:1055…2939, discord:3739…5786, fivem:1870231, license2:5686…75ec]
[12:07:25 PM] [xELWV#3] Kerpar: disconnected (Exiting)
================================================================
======== txAdmin v8.0.1 atop fxserver 17000 Starting - 8/6/2025, 12:57:46 PM
================================================================
[12:57:49 PM] txAdmin: Logger started
[1:04:32 PM] [wf9Ae#1] Kerpar: joined with identifiers [license:6ff9…8997, xbl:2533…7481, live:1055…2939, discord:3739…5786, fivem:1870231, license2:5686…75ec]
[1:07:46 PM] [wf9Ae#1] Kerpar: died from suicide (Falling)
[1:07:52 PM] [wf9Ae#1] Kerpar: enabled noclip
[1:08:18 PM] [wf9Ae#1] Kerpar: became mortal (standard mode)
[1:08:23 PM] [wf9Ae#1] Kerpar: spawned a vehicle (model: tyrant)
[1:20:30 PM] [wf9Ae#1] Kerpar: disconnected (Exiting)
================================================================
======== txAdmin v8.0.1 atop fxserver 17000 Starting - 8/6/2025, 1:20:39 PM
================================================================
[1:20:41 PM] txAdmin: Logger started
[1:21:23 PM] [VdkJ8#1] Kerpar: joined with identifiers [license:6ff9…8997, xbl:2533…7481, live:1055…2939, discord:3739…5786, fivem:1870231, license2:5686…75ec]
[2:29:01 PM] [VdkJ8#1] Kerpar: disconnected (Exiting)
================================================================
======== txAdmin v8.0.1 atop fxserver 17000 Starting - 8/6/2025, 7:47:24 PM
================================================================
[7:47:30 PM] txAdmin: Logger started
[7:58:51 PM] [Uynai#1] Kerpar: joined with identifiers [license:6ff9…8997, xbl:2533…7481, live:1055…2939, discord:3739…5786, fivem:1870231, license2:5686…75ec]
[7:59:23 PM] [Uynai#1] Kerpar: enabled noclip
[7:59:29 PM] [Uynai#1] Kerpar: became mortal (standard mode)
[8:49:50 PM] [Uynai#1] Kerpar: disconnected (Exiting)
================================================================
======== txAdmin v8.0.1 atop fxserver 17000 Starting - 8/6/2025, 8:55:09 PM
================================================================
[8:55:11 PM] txAdmin: Logger started
[8:56:26 PM] [MWgbA#1] Kerpar: joined with identifiers [license:6ff9…8997, xbl:2533…7481, live:1055…2939, discord:3739…5786, fivem:1870231, license2:5686…75ec]
[8:56:58 PM] [MWgbA#1] Kerpar: enabled noclip
[8:57:06 PM] [MWgbA#1] Kerpar: became mortal (standard mode)
[9:57:24 PM] [MWgbA#1] Kerpar: disconnected (Exiting)
